{"/home/gustavo/Documentos/dev/TESTES_EMPREGO/teste-stone/js/shop.js": {"path":"/home/gustavo/Documentos/dev/TESTES_EMPREGO/teste-stone/js/shop.js","statementMap":{"0":{"start":{"line":10,"column":2},"end":{"line":12,"column":3}},"1":{"start":{"line":11,"column":4},"end":{"line":11,"column":14}},"2":{"start":{"line":14,"column":24},"end":{"line":14,"column":47}},"3":{"start":{"line":16,"column":22},"end":{"line":16,"column":41}},"4":{"start":{"line":17,"column":24},"end":{"line":17,"column":44}},"5":{"start":{"line":18,"column":26},"end":{"line":18,"column":63}},"6":{"start":{"line":19,"column":28},"end":{"line":19,"column":59}},"7":{"start":{"line":21,"column":23},"end":{"line":24,"column":5}},"8":{"start":{"line":21,"column":50},"end":{"line":24,"column":3}},"9":{"start":{"line":26,"column":2},"end":{"line":29,"column":3}},"10":{"start":{"line":28,"column":4},"end":{"line":28,"column":79}},"11":{"start":{"line":32,"column":2},"end":{"line":32,"column":88}},"12":{"start":{"line":32,"column":56},"end":{"line":32,"column":84}},"13":{"start":{"line":36,"column":2},"end":{"line":36,"column":28}},"14":{"start":{"line":40,"column":2},"end":{"line":41,"column":48}},"15":{"start":{"line":40,"column":27},"end":{"line":40,"column":53}},"16":{"start":{"line":41,"column":30},"end":{"line":41,"column":43}},"17":{"start":{"line":44,"column":0},"end":{"line":44,"column":26}}},"fnMap":{"0":{"name":"shopBill","decl":{"start":{"line":9,"column":9},"end":{"line":9,"column":17}},"loc":{"start":{"line":9,"column":32},"end":{"line":33,"column":1}},"line":9},"1":{"name":"(anonymous_1)","decl":{"start":{"line":21,"column":41},"end":{"line":21,"column":42}},"loc":{"start":{"line":21,"column":50},"end":{"line":24,"column":3}},"line":21},"2":{"name":"(anonymous_2)","decl":{"start":{"line":32,"column":47},"end":{"line":32,"column":48}},"loc":{"start":{"line":32,"column":56},"end":{"line":32,"column":84}},"line":32},"3":{"name":"removeDuplicates","decl":{"start":{"line":35,"column":9},"end":{"line":35,"column":25}},"loc":{"start":{"line":35,"column":32},"end":{"line":37,"column":1}},"line":35},"4":{"name":"computeTotal","decl":{"start":{"line":39,"column":9},"end":{"line":39,"column":21}},"loc":{"start":{"line":39,"column":29},"end":{"line":42,"column":1}},"line":39},"5":{"name":"(anonymous_5)","decl":{"start":{"line":40,"column":19},"end":{"line":40,"column":20}},"loc":{"start":{"line":40,"column":27},"end":{"line":40,"column":53}},"line":40},"6":{"name":"(anonymous_6)","decl":{"start":{"line":41,"column":12},"end":{"line":41,"column":13}},"loc":{"start":{"line":41,"column":30},"end":{"line":41,"column":43}},"line":41}},"branchMap":{"0":{"loc":{"start":{"line":10,"column":2},"end":{"line":12,"column":3}},"type":"if","locations":[{"start":{"line":10,"column":2},"end":{"line":12,"column":3}},{"start":{"line":10,"column":2},"end":{"line":12,"column":3}}],"line":10},"1":{"loc":{"start":{"line":10,"column":6},"end":{"line":10,"column":46}},"type":"binary-expr","locations":[{"start":{"line":10,"column":6},"end":{"line":10,"column":24}},{"start":{"line":10,"column":28},"end":{"line":10,"column":46}}],"line":10},"2":{"loc":{"start":{"line":26,"column":2},"end":{"line":29,"column":3}},"type":"if","locations":[{"start":{"line":26,"column":2},"end":{"line":29,"column":3}},{"start":{"line":26,"column":2},"end":{"line":29,"column":3}}],"line":26}},"s":{"0":5,"1":2,"2":3,"3":3,"4":3,"5":3,"6":3,"7":3,"8":8,"9":3,"10":1,"11":3,"12":8,"13":3,"14":3,"15":6,"16":6,"17":1},"f":{"0":5,"1":8,"2":8,"3":3,"4":3,"5":6,"6":6},"b":{"0":[2,3],"1":[5,4],"2":[1,2]},"_coverageSchema":"1a1c01bbd47fc00a2c39e90264f33305004495a9","hash":"bd95f0033f49ef5702bd5672714e45adfbbf11b9"}
}
