TN:
SF:js/shop.js
FN:9,shopBill
FN:21,(anonymous_1)
FN:32,(anonymous_2)
FN:35,removeDuplicates
FN:39,computeTotal
FN:40,(anonymous_5)
FN:41,(anonymous_6)
FNF:7
FNH:7
FNDA:5,shopBill
FNDA:8,(anonymous_1)
FNDA:8,(anonymous_2)
FNDA:3,removeDuplicates
FNDA:3,computeTotal
FNDA:6,(anonymous_5)
FNDA:6,(anonymous_6)
DA:10,5
DA:11,2
DA:14,3
DA:16,3
DA:17,3
DA:18,3
DA:19,3
DA:21,8
DA:26,3
DA:28,1
DA:32,8
DA:36,3
DA:40,6
DA:41,6
DA:44,1
LF:15
LH:15
BRDA:10,0,0,2
BRDA:10,0,1,3
BRDA:10,1,0,5
BRDA:10,1,1,4
BRDA:26,2,0,1
BRDA:26,2,1,2
BRF:6
BRH:6
end_of_record
